[30-Jan-2025 00:36:14 UTC] WordPress database error <div style="clear:both">&nbsp;</div>
<div class="queries" style="clear:both;margin-bottom:2px;border:red dotted thin;">
<p>MySQL query:</p>
<p>CREATE TABLE wp_ecp_x_category (
		  id bigint(9) UNSIGNED NOT NULL AUTO_INCREMENT,
		  category_id bigint(9) UNSIGNED NOT NULL UNIQUE,
		  post_id bigint(9) UNSIGNED NOT NULL UNIQUE,
		  taxonomy varchar(100) NOT NULL,
		  PRIMARY KEY  id (id)
		) DEFAULT CHARACTER SET utf8mb4</p>
<p>Queries made or created this session were:</p>
<ol>
<li>Executing: BEGIN | (no parameters)</li>
<li>Executing: ROLLBACK | (no parameters)</li>
</ol>
</div>
<div style="clear:both;margin-bottom:2px;border:red dotted thin;" class="error_message" style="border-bottom:dotted blue thin;">
Error occurred at line 4117 in Function <code>handle_error</code>. Error message was: Cannot combine AUTOINCREMENT and multiple primary keys in SQLite.
</div>
<p>Backtrace:</p>
<pre>#0 /workspaces/UX221Assignment1/.wordpress/wp-content/mu-plugins/sqlite-database-integration/wp-includes/sqlite/class-wp-sqlite-db.php(287): WP_SQLite_Translator->get_error_message()
#1 /workspaces/UX221Assignment1/.wordpress/wp-admin/includes/upgrade.php(3271): WP_SQLite_DB->query('CREATE TABLE wp...')
#2 /workspaces/UX221Assignment1/.wordpress/wp-content/plugins/enhanced-category-pages/classes/ecp/WP_Integration.php(57): dbDelta(Array)
#3 /workspaces/UX221Assignment1/.wordpress/wp-includes/class-wp-hook.php(324): ecp\WP_Integration->install(false)
#4 /workspaces/UX221Assignment1/.wordpress/wp-includes/class-wp-hook.php(348): WP_Hook->apply_filters('', Array)
#5 /workspaces/UX221Assignment1/.wordpress/wp-includes/plugin.php(517): WP_Hook->do_action(Array)
#6 /workspaces/UX221Assignment1/.wordpress/wp-admin/includes/plugin.php(703): do_action('activate_enhanc...', false)
#7 /workspaces/UX221Assignment1/.wordpress/wp-admin/plugins.php(60): activate_plugin('enhanced-catego...', 'http://localhos...', false)
#8 {main}</pre>
 for query CREATE TABLE wp_ecp_x_category (
		  id bigint(9) UNSIGNED NOT NULL AUTO_INCREMENT,
		  category_id bigint(9) UNSIGNED NOT NULL UNIQUE,
		  post_id bigint(9) UNSIGNED NOT NULL UNIQUE,
		  taxonomy varchar(100) NOT NULL,
		  PRIMARY KEY  id (id)
		) DEFAULT CHARACTER SET utf8mb4 made by activate_plugin, do_action('activate_enhanced-category-pages/enhanced-category-pages.php'), WP_Hook->do_action, WP_Hook->apply_filters, ecp\WP_Integration->install, dbDelta, WP_SQLite_DB->query, WP_SQLite_DB->print_error
[30-Jan-2025 00:36:37 UTC] WordPress database error <div style="clear:both">&nbsp;</div>
<div class="queries" style="clear:both;margin-bottom:2px;border:red dotted thin;">
<p>MySQL query:</p>
<p>
				SELECT post_id, taxonomy
				FROM wp_ecp_x_category
				WHERE category_id = 0
			</p>
<p>Queries made or created this session were:</p>
<ol>
<li>Executing: BEGIN | (no parameters)</li>
<li>Executing: 
				SELECT post_id, taxonomy
				FROM wp_ecp_x_category
				WHERE category_id = 0
			 | (no parameters)</li>
<li>Executing: ROLLBACK | (no parameters)</li>
</ol>
</div>
<div style="clear:both;margin-bottom:2px;border:red dotted thin;" class="error_message" style="border-bottom:dotted blue thin;">
Error occurred at line 4117 in Function <code>handle_error</code>. Error message was: SQLSTATE[HY000]: General error: 1 no such table: wp_ecp_x_category.
</div>
<p>Backtrace:</p>
<pre>#0 /workspaces/UX221Assignment1/.wordpress/wp-content/mu-plugins/sqlite-database-integration/wp-includes/sqlite/class-wp-sqlite-db.php(287): WP_SQLite_Translator->get_error_message()
#1 /workspaces/UX221Assignment1/.wordpress/wp-includes/class-wpdb.php(3061): WP_SQLite_DB->query('\n\t\t\t\tSELECT pos...')
#2 /workspaces/UX221Assignment1/.wordpress/wp-content/plugins/enhanced-category-pages/classes/ecp/Enhanced_Category.php(135): wpdb->get_row('\n\t\t\t\tSELECT pos...')
#3 /workspaces/UX221Assignment1/.wordpress/wp-content/plugins/enhanced-category-pages/classes/ecp/Enhanced_Category.php(231): ecp\Enhanced_Category->get_by_category(NULL)
#4 /workspaces/UX221Assignment1/.wordpress/wp-content/plugins/enhanced-category-pages/views/ecp_category_description.php(9): ecp\Enhanced_Category->setup_ec_data(NULL)
#5 /workspaces/UX221Assignment1/.wordpress/wp-content/plugins/enhanced-category-pages/classes/ecp/WP_Integration.php(114): include('/workspaces/UX2...')
#6 /workspaces/UX221Assignment1/.wordpress/wp-includes/class-wp-hook.php(326): ecp\WP_Integration->category_description_filter('')
#7 /workspaces/UX221Assignment1/.wordpress/wp-includes/plugin.php(205): WP_Hook->apply_filters('', Array)
#8 /workspaces/UX221Assignment1/.wordpress/wp-includes/taxonomy.php(1897): apply_filters('category_descri...', '', 1, 'display')
#9 /workspaces/UX221Assignment1/.wordpress/wp-includes/taxonomy.php(1714): sanitize_term_field('description', '', 1, 'category', 'display')
#10 /workspaces/UX221Assignment1/.wordpress/wp-admin/includes/class-wp-terms-list-table.php(340): sanitize_term(Object(WP_Term), 'category')
#11 /workspaces/UX221Assignment1/.wordpress/wp-admin/includes/class-wp-terms-list-table.php(319): WP_Terms_List_Table->single_row(Object(WP_Term), 0)
#12 /workspaces/UX221Assignment1/.wordpress/wp-admin/includes/class-wp-terms-list-table.php(256): WP_Terms_List_Table->_rows('category', Array, Array, 0, 20, 0)
#13 /workspaces/UX221Assignment1/.wordpress/wp-admin/includes/class-wp-list-table.php(1639): WP_Terms_List_Table->display_rows_or_placeholder()
#14 /workspaces/UX221Assignment1/.wordpress/wp-admin/edit-tags.php(619): WP_List_Table->display()
#15 {main}</pre>
 for query 
				SELECT post_id, taxonomy
				FROM wp_ecp_x_category
				WHERE category_id = 0
			 made by WP_List_Table->display, WP_Terms_List_Table->display_rows_or_placeholder, WP_Terms_List_Table->_rows, WP_Terms_List_Table->single_row, sanitize_term, sanitize_term_field, apply_filters('category_description'), WP_Hook->apply_filters, ecp\WP_Integration->category_description_filter, include('/plugins/enhanced-category-pages/views/ecp_category_description.php'), ecp\Enhanced_Category->setup_ec_data, ecp\Enhanced_Category->get_by_category, WP_SQLite_DB->query, WP_SQLite_DB->print_error
[30-Jan-2025 00:36:37 UTC] PHP Warning:  Attempt to read property "post_id" on null in /workspaces/UX221Assignment1/.wordpress/wp-content/plugins/enhanced-category-pages/classes/ecp/Enhanced_Category.php on line 143
[30-Jan-2025 00:36:37 UTC] PHP Warning:  Undefined array key 0 in /workspaces/UX221Assignment1/.wordpress/wp-content/plugins/enhanced-category-pages/classes/ecp/Enhanced_Category.php on line 232
[30-Jan-2025 00:36:38 UTC] WordPress database error <div style="clear:both">&nbsp;</div>
<div class="queries" style="clear:both;margin-bottom:2px;border:red dotted thin;">
<p>MySQL query:</p>
<p>
				SELECT post_id, taxonomy
				FROM wp_ecp_x_category
				WHERE category_id = 1
			</p>
<p>Queries made or created this session were:</p>
<ol>
<li>Executing: BEGIN | (no parameters)</li>
<li>Executing: 
				SELECT post_id, taxonomy
				FROM wp_ecp_x_category
				WHERE category_id = 1
			 | (no parameters)</li>
<li>Executing: ROLLBACK | (no parameters)</li>
</ol>
</div>
<div style="clear:both;margin-bottom:2px;border:red dotted thin;" class="error_message" style="border-bottom:dotted blue thin;">
Error occurred at line 4117 in Function <code>handle_error</code>. Error message was: SQLSTATE[HY000]: General error: 1 no such table: wp_ecp_x_category.
</div>
<p>Backtrace:</p>
<pre>#0 /workspaces/UX221Assignment1/.wordpress/wp-content/mu-plugins/sqlite-database-integration/wp-includes/sqlite/class-wp-sqlite-db.php(287): WP_SQLite_Translator->get_error_message()
#1 /workspaces/UX221Assignment1/.wordpress/wp-includes/class-wpdb.php(3061): WP_SQLite_DB->query('\n\t\t\t\tSELECT pos...')
#2 /workspaces/UX221Assignment1/.wordpress/wp-content/plugins/enhanced-category-pages/classes/ecp/Enhanced_Category.php(135): wpdb->get_row('\n\t\t\t\tSELECT pos...')
#3 /workspaces/UX221Assignment1/.wordpress/wp-content/plugins/enhanced-category-pages/classes/ecp/Enhanced_Category.php(163): ecp\Enhanced_Category->get_by_category(1)
#4 /workspaces/UX221Assignment1/.wordpress/wp-content/plugins/enhanced-category-pages/classes/ecp/WP_Integration.php(235): ecp\Enhanced_Category->get_first_or_create_for_category(1, 'category')
#5 /workspaces/UX221Assignment1/.wordpress/wp-content/plugins/enhanced-category-pages/classes/ecp/WP_Integration.php(229): ecp\WP_Integration->get_enhanced_category_edit_url(Object(WP_Term))
#6 /workspaces/UX221Assignment1/.wordpress/wp-content/plugins/enhanced-category-pages/classes/ecp/WP_Integration.php(222): ecp\WP_Integration->get_enhanced_category_edit_link(Object(WP_Term))
#7 /workspaces/UX221Assignment1/.wordpress/wp-includes/class-wp-hook.php(324): ecp\WP_Integration->add_ec_edit_link(Array, Object(WP_Term))
#8 /workspaces/UX221Assignment1/.wordpress/wp-includes/plugin.php(205): WP_Hook->apply_filters(Array, Array)
#9 /workspaces/UX221Assignment1/.wordpress/wp-admin/includes/class-wp-terms-list-table.php(546): apply_filters('tag_row_actions', Array, Object(WP_Term))
#10 /workspaces/UX221Assignment1/.wordpress/wp-admin/includes/class-wp-list-table.php(1798): WP_Terms_List_Table->handle_row_actions(Object(WP_Term), 'name', 'name')
#11 /workspaces/UX221Assignment1/.wordpress/wp-admin/includes/class-wp-terms-list-table.php(352): WP_List_Table->single_row_columns(Object(WP_Term))
#12 /workspaces/UX221Assignment1/.wordpress/wp-admin/includes/class-wp-terms-list-table.php(319): WP_Terms_List_Table->single_row(Object(WP_Term), 'level-0')
#13 /workspaces/UX221Assignment1/.wordpress/wp-admin/includes/class-wp-terms-list-table.php(256): WP_Terms_List_Table->_rows('category', Array, Array, 0, 20, 0)
#14 /workspaces/UX221Assignment1/.wordpress/wp-admin/includes/class-wp-list-table.php(1639): WP_Terms_List_Table->display_rows_or_placeholder()
#15 /workspaces/UX221Assignment1/.wordpress/wp-admin/edit-tags.php(619): WP_List_Table->display()
#16 {main}</pre>
 for query 
				SELECT post_id, taxonomy
				FROM wp_ecp_x_category
				WHERE category_id = 1
			 made by WP_List_Table->display, WP_Terms_List_Table->display_rows_or_placeholder, WP_Terms_List_Table->_rows, WP_Terms_List_Table->single_row, WP_List_Table->single_row_columns, WP_Terms_List_Table->handle_row_actions, apply_filters('tag_row_actions'), WP_Hook->apply_filters, ecp\WP_Integration->add_ec_edit_link, ecp\WP_Integration->get_enhanced_category_edit_link, ecp\WP_Integration->get_enhanced_category_edit_url, ecp\Enhanced_Category->get_first_or_create_for_category, ecp\Enhanced_Category->get_by_category, WP_SQLite_DB->query, WP_SQLite_DB->print_error
[30-Jan-2025 00:36:38 UTC] PHP Warning:  Attempt to read property "post_id" on null in /workspaces/UX221Assignment1/.wordpress/wp-content/plugins/enhanced-category-pages/classes/ecp/Enhanced_Category.php on line 143
[30-Jan-2025 00:36:38 UTC] WordPress database error <div style="clear:both">&nbsp;</div>
<div class="queries" style="clear:both;margin-bottom:2px;border:red dotted thin;">
<p>MySQL query:</p>
<p>UPDATE `wp_ecp_x_category` SET `taxonomy` = 'category' WHERE `category_id` = '1'</p>
<p>Queries made or created this session were:</p>
<ol>
<li>Executing: BEGIN | (no parameters)</li>
<li>Executing: UPDATE `wp_ecp_x_category` SET `taxonomy` = :param0  WHERE rowid IN (SELECT rowid FROM wp_ecp_x_category WHERE `category_id` = :param1 ) | parameters: category, 1</li>
<li>Executing: ROLLBACK | (no parameters)</li>
</ol>
</div>
<div style="clear:both;margin-bottom:2px;border:red dotted thin;" class="error_message" style="border-bottom:dotted blue thin;">
Error occurred at line 4117 in Function <code>handle_error</code>. Error message was: SQLSTATE[HY000]: General error: 1 no such table: wp_ecp_x_category.
</div>
<p>Backtrace:</p>
<pre>#0 /workspaces/UX221Assignment1/.wordpress/wp-content/mu-plugins/sqlite-database-integration/wp-includes/sqlite/class-wp-sqlite-db.php(287): WP_SQLite_Translator->get_error_message()
#1 /workspaces/UX221Assignment1/.wordpress/wp-includes/class-wpdb.php(2716): WP_SQLite_DB->query('UPDATE `wp_ecp_...')
#2 /workspaces/UX221Assignment1/.wordpress/wp-content/plugins/enhanced-category-pages/classes/ecp/Enhanced_Category.php(121): wpdb->update('wp_ecp_x_catego...', Array, Array)
#3 /workspaces/UX221Assignment1/.wordpress/wp-content/plugins/enhanced-category-pages/classes/ecp/Enhanced_Category.php(148): ecp\Enhanced_Category->fill_empty_taxonomy(1)
#4 /workspaces/UX221Assignment1/.wordpress/wp-content/plugins/enhanced-category-pages/classes/ecp/Enhanced_Category.php(163): ecp\Enhanced_Category->get_by_category(1)
#5 /workspaces/UX221Assignment1/.wordpress/wp-content/plugins/enhanced-category-pages/classes/ecp/WP_Integration.php(235): ecp\Enhanced_Category->get_first_or_create_for_category(1, 'category')
#6 /workspaces/UX221Assignment1/.wordpress/wp-content/plugins/enhanced-category-pages/classes/ecp/WP_Integration.php(229): ecp\WP_Integration->get_enhanced_category_edit_url(Object(WP_Term))
#7 /workspaces/UX221Assignment1/.wordpress/wp-content/plugins/enhanced-category-pages/classes/ecp/WP_Integration.php(222): ecp\WP_Integration->get_enhanced_category_edit_link(Object(WP_Term))
#8 /workspaces/UX221Assignment1/.wordpress/wp-includes/class-wp-hook.php(324): ecp\WP_Integration->add_ec_edit_link(Array, Object(WP_Term))
#9 /workspaces/UX221Assignment1/.wordpress/wp-includes/plugin.php(205): WP_Hook->apply_filters(Array, Array)
#10 /workspaces/UX221Assignment1/.wordpress/wp-admin/includes/class-wp-terms-list-table.php(546): apply_filters('tag_row_actions', Array, Object(WP_Term))
#11 /workspaces/UX221Assignment1/.wordpress/wp-admin/includes/class-wp-list-table.php(1798): WP_Terms_List_Table->handle_row_actions(Object(WP_Term), 'name', 'name')
#12 /workspaces/UX221Assignment1/.wordpress/wp-admin/includes/class-wp-terms-list-table.php(352): WP_List_Table->single_row_columns(Object(WP_Term))
#13 /workspaces/UX221Assignment1/.wordpress/wp-admin/includes/class-wp-terms-list-table.php(319): WP_Terms_List_Table->single_row(Object(WP_Term), 'level-0')
#14 /workspaces/UX221Assignment1/.wordpress/wp-admin/includes/class-wp-terms-list-table.php(256): WP_Terms_List_Table->_rows('category', Array, Array, 0, 20, 0)
#15 /workspaces/UX221Assignment1/.wordpress/wp-admin/includes/class-wp-list-table.php(1639): WP_Terms_List_Table->display_rows_or_placeholder()
#16 /workspaces/UX221Assignment1/.wordpress/wp-admin/edit-tags.php(619): WP_List_Table->display()
#17 {main}</pre>
 for query UPDATE `wp_ecp_x_category` SET `taxonomy` = 'category' WHERE `category_id` = '1' made by WP_List_Table->display, WP_Terms_List_Table->display_rows_or_placeholder, WP_Terms_List_Table->_rows, WP_Terms_List_Table->single_row, WP_List_Table->single_row_columns, WP_Terms_List_Table->handle_row_actions, apply_filters('tag_row_actions'), WP_Hook->apply_filters, ecp\WP_Integration->add_ec_edit_link, ecp\WP_Integration->get_enhanced_category_edit_link, ecp\WP_Integration->get_enhanced_category_edit_url, ecp\Enhanced_Category->get_first_or_create_for_category, ecp\Enhanced_Category->get_by_category, ecp\Enhanced_Category->fill_empty_taxonomy, WP_SQLite_DB->query, WP_SQLite_DB->print_error
[30-Jan-2025 00:36:38 UTC] WordPress database error <div style="clear:both">&nbsp;</div>
<div class="queries" style="clear:both;margin-bottom:2px;border:red dotted thin;">
<p>MySQL query:</p>
<p>INSERT INTO `wp_ecp_x_category` (`category_id`, `post_id`, `taxonomy`) VALUES ('1', 14, 'category')</p>
<p>Queries made or created this session were:</p>
<ol>
<li>Executing: BEGIN | (no parameters)</li>
<li>Executing: INSERT INTO `wp_ecp_x_category` (`category_id`, `post_id`, `taxonomy`) VALUES (:param0 , 14, :param1 ) | parameters: 1, category</li>
<li>Executing: ROLLBACK | (no parameters)</li>
</ol>
</div>
<div style="clear:both;margin-bottom:2px;border:red dotted thin;" class="error_message" style="border-bottom:dotted blue thin;">
Error occurred at line 4117 in Function <code>handle_error</code>. Error message was: SQLSTATE[HY000]: General error: 1 no such table: wp_ecp_x_category.
</div>
<p>Backtrace:</p>
<pre>#0 /workspaces/UX221Assignment1/.wordpress/wp-content/mu-plugins/sqlite-database-integration/wp-includes/sqlite/class-wp-sqlite-db.php(287): WP_SQLite_Translator->get_error_message()
#1 /workspaces/UX221Assignment1/.wordpress/wp-includes/class-wpdb.php(2610): WP_SQLite_DB->query('INSERT INTO `wp...')
#2 /workspaces/UX221Assignment1/.wordpress/wp-includes/class-wpdb.php(2499): wpdb->_insert_replace_helper('wp_ecp_x_catego...', Array, NULL, 'INSERT')
#3 /workspaces/UX221Assignment1/.wordpress/wp-content/plugins/enhanced-category-pages/classes/ecp/Enhanced_Category.php(61): wpdb->insert('wp_ecp_x_catego...', Array)
#4 /workspaces/UX221Assignment1/.wordpress/wp-content/plugins/enhanced-category-pages/classes/ecp/Enhanced_Category.php(47): ecp\Enhanced_Category->_insert_into_ecp_x_category(1, 14, 'category')
#5 /workspaces/UX221Assignment1/.wordpress/wp-content/plugins/enhanced-category-pages/classes/ecp/Enhanced_Category.php(167): ecp\Enhanced_Category->add_new_from_category(Object(WP_Term))
#6 /workspaces/UX221Assignment1/.wordpress/wp-content/plugins/enhanced-category-pages/classes/ecp/WP_Integration.php(235): ecp\Enhanced_Category->get_first_or_create_for_category(1, 'category')
#7 /workspaces/UX221Assignment1/.wordpress/wp-content/plugins/enhanced-category-pages/classes/ecp/WP_Integration.php(229): ecp\WP_Integration->get_enhanced_category_edit_url(Object(WP_Term))
#8 /workspaces/UX221Assignment1/.wordpress/wp-content/plugins/enhanced-category-pages/classes/ecp/WP_Integration.php(222): ecp\WP_Integration->get_enhanced_category_edit_link(Object(WP_Term))
#9 /workspaces/UX221Assignment1/.wordpress/wp-includes/class-wp-hook.php(324): ecp\WP_Integration->add_ec_edit_link(Array, Object(WP_Term))
#10 /workspaces/UX221Assignment1/.wordpress/wp-includes/plugin.php(205): WP_Hook->apply_filters(Array, Array)
#11 /workspaces/UX221Assignment1/.wordpress/wp-admin/includes/class-wp-terms-list-table.php(546): apply_filters('tag_row_actions', Array, Object(WP_Term))
#12 /workspaces/UX221Assignment1/.wordpress/wp-admin/includes/class-wp-list-table.php(1798): WP_Terms_List_Table->handle_row_actions(Object(WP_Term), 'name', 'name')
#13 /workspaces/UX221Assignment1/.wordpress/wp-admin/includes/class-wp-terms-list-table.php(352): WP_List_Table->single_row_columns(Object(WP_Term))
#14 /workspaces/UX221Assignment1/.wordpress/wp-admin/includes/class-wp-terms-list-table.php(319): WP_Terms_List_Table->single_row(Object(WP_Term), 'level-0')
#15 /workspaces/UX221Assignment1/.wordpress/wp-admin/includes/class-wp-terms-list-table.php(256): WP_Terms_List_Table->_rows('category', Array, Array, 0, 20, 0)
#16 /workspaces/UX221Assignment1/.wordpress/wp-admin/includes/class-wp-list-table.php(1639): WP_Terms_List_Table->display_rows_or_placeholder()
#17 /workspaces/UX221Assignment1/.wordpress/wp-admin/edit-tags.php(619): WP_List_Table->display()
#18 {main}</pre>
 for query INSERT INTO `wp_ecp_x_category` (`category_id`, `post_id`, `taxonomy`) VALUES ('1', 14, 'category') made by WP_List_Table->display, WP_Terms_List_Table->display_rows_or_placeholder, WP_Terms_List_Table->_rows, WP_Terms_List_Table->single_row, WP_List_Table->single_row_columns, WP_Terms_List_Table->handle_row_actions, apply_filters('tag_row_actions'), WP_Hook->apply_filters, ecp\WP_Integration->add_ec_edit_link, ecp\WP_Integration->get_enhanced_category_edit_link, ecp\WP_Integration->get_enhanced_category_edit_url, ecp\Enhanced_Category->get_first_or_create_for_category, ecp\Enhanced_Category->add_new_from_category, ecp\Enhanced_Category->_insert_into_ecp_x_category, WP_SQLite_DB->query, WP_SQLite_DB->print_error
[30-Jan-2025 00:36:38 UTC] WordPress database error <div style="clear:both">&nbsp;</div>
<div class="queries" style="clear:both;margin-bottom:2px;border:red dotted thin;">
<p>MySQL query:</p>
<p>
				SELECT post_id, taxonomy
				FROM wp_ecp_x_category
				WHERE category_id = 0
			</p>
<p>Queries made or created this session were:</p>
<ol>
<li>Executing: BEGIN | (no parameters)</li>
<li>Executing: 
				SELECT post_id, taxonomy
				FROM wp_ecp_x_category
				WHERE category_id = 0
			 | (no parameters)</li>
<li>Executing: ROLLBACK | (no parameters)</li>
</ol>
</div>
<div style="clear:both;margin-bottom:2px;border:red dotted thin;" class="error_message" style="border-bottom:dotted blue thin;">
Error occurred at line 4117 in Function <code>handle_error</code>. Error message was: SQLSTATE[HY000]: General error: 1 no such table: wp_ecp_x_category.
</div>
<p>Backtrace:</p>
<pre>#0 /workspaces/UX221Assignment1/.wordpress/wp-content/mu-plugins/sqlite-database-integration/wp-includes/sqlite/class-wp-sqlite-db.php(287): WP_SQLite_Translator->get_error_message()
#1 /workspaces/UX221Assignment1/.wordpress/wp-includes/class-wpdb.php(3061): WP_SQLite_DB->query('\n\t\t\t\tSELECT pos...')
#2 /workspaces/UX221Assignment1/.wordpress/wp-content/plugins/enhanced-category-pages/classes/ecp/Enhanced_Category.php(135): wpdb->get_row('\n\t\t\t\tSELECT pos...')
#3 /workspaces/UX221Assignment1/.wordpress/wp-content/plugins/enhanced-category-pages/classes/ecp/Enhanced_Category.php(231): ecp\Enhanced_Category->get_by_category(NULL)
#4 /workspaces/UX221Assignment1/.wordpress/wp-content/plugins/enhanced-category-pages/views/ecp_category_description.php(9): ecp\Enhanced_Category->setup_ec_data(NULL)
#5 /workspaces/UX221Assignment1/.wordpress/wp-content/plugins/enhanced-category-pages/classes/ecp/WP_Integration.php(114): include('/workspaces/UX2...')
#6 /workspaces/UX221Assignment1/.wordpress/wp-includes/class-wp-hook.php(326): ecp\WP_Integration->category_description_filter('<p>Creative way...')
#7 /workspaces/UX221Assignment1/.wordpress/wp-includes/plugin.php(205): WP_Hook->apply_filters('<p>Creative way...', Array)
#8 /workspaces/UX221Assignment1/.wordpress/wp-includes/taxonomy.php(1897): apply_filters('category_descri...', '<p>Creative way...', 3, 'display')
#9 /workspaces/UX221Assignment1/.wordpress/wp-includes/taxonomy.php(1714): sanitize_term_field('description', '<p>Creative way...', 3, 'category', 'display')
#10 /workspaces/UX221Assignment1/.wordpress/wp-admin/includes/class-wp-terms-list-table.php(340): sanitize_term(Object(WP_Term), 'category')
#11 /workspaces/UX221Assignment1/.wordpress/wp-admin/includes/class-wp-terms-list-table.php(319): WP_Terms_List_Table->single_row(Object(WP_Term), 0)
#12 /workspaces/UX221Assignment1/.wordpress/wp-admin/includes/class-wp-terms-list-table.php(256): WP_Terms_List_Table->_rows('category', Array, Array, 0, 20, 1)
#13 /workspaces/UX221Assignment1/.wordpress/wp-admin/includes/class-wp-list-table.php(1639): WP_Terms_List_Table->display_rows_or_placeholder()
#14 /workspaces/UX221Assignment1/.wordpress/wp-admin/edit-tags.php(619): WP_List_Table->display()
#15 {main}</pre>
 for query 
				SELECT post_id, taxonomy
				FROM wp_ecp_x_category
				WHERE category_id = 0
			 made by WP_List_Table->display, WP_Terms_List_Table->display_rows_or_placeholder, WP_Terms_List_Table->_rows, WP_Terms_List_Table->single_row, sanitize_term, sanitize_term_field, apply_filters('category_description'), WP_Hook->apply_filters, ecp\WP_Integration->category_description_filter, include('/plugins/enhanced-category-pages/views/ecp_category_description.php'), ecp\Enhanced_Category->setup_ec_data, ecp\Enhanced_Category->get_by_category, WP_SQLite_DB->query, WP_SQLite_DB->print_error
[30-Jan-2025 00:36:38 UTC] PHP Warning:  Attempt to read property "post_id" on null in /workspaces/UX221Assignment1/.wordpress/wp-content/plugins/enhanced-category-pages/classes/ecp/Enhanced_Category.php on line 143
[30-Jan-2025 00:36:38 UTC] PHP Warning:  Undefined array key 0 in /workspaces/UX221Assignment1/.wordpress/wp-content/plugins/enhanced-category-pages/classes/ecp/Enhanced_Category.php on line 232
[30-Jan-2025 00:36:38 UTC] WordPress database error <div style="clear:both">&nbsp;</div>
<div class="queries" style="clear:both;margin-bottom:2px;border:red dotted thin;">
<p>MySQL query:</p>
<p>
				SELECT post_id, taxonomy
				FROM wp_ecp_x_category
				WHERE category_id = 3
			</p>
<p>Queries made or created this session were:</p>
<ol>
<li>Executing: BEGIN | (no parameters)</li>
<li>Executing: 
				SELECT post_id, taxonomy
				FROM wp_ecp_x_category
				WHERE category_id = 3
			 | (no parameters)</li>
<li>Executing: ROLLBACK | (no parameters)</li>
</ol>
</div>
<div style="clear:both;margin-bottom:2px;border:red dotted thin;" class="error_message" style="border-bottom:dotted blue thin;">
Error occurred at line 4117 in Function <code>handle_error</code>. Error message was: SQLSTATE[HY000]: General error: 1 no such table: wp_ecp_x_category.
</div>
<p>Backtrace:</p>
<pre>#0 /workspaces/UX221Assignment1/.wordpress/wp-content/mu-plugins/sqlite-database-integration/wp-includes/sqlite/class-wp-sqlite-db.php(287): WP_SQLite_Translator->get_error_message()
#1 /workspaces/UX221Assignment1/.wordpress/wp-includes/class-wpdb.php(3061): WP_SQLite_DB->query('\n\t\t\t\tSELECT pos...')
#2 /workspaces/UX221Assignment1/.wordpress/wp-content/plugins/enhanced-category-pages/classes/ecp/Enhanced_Category.php(135): wpdb->get_row('\n\t\t\t\tSELECT pos...')
#3 /workspaces/UX221Assignment1/.wordpress/wp-content/plugins/enhanced-category-pages/classes/ecp/Enhanced_Category.php(163): ecp\Enhanced_Category->get_by_category(3)
#4 /workspaces/UX221Assignment1/.wordpress/wp-content/plugins/enhanced-category-pages/classes/ecp/WP_Integration.php(235): ecp\Enhanced_Category->get_first_or_create_for_category(3, 'category')
#5 /workspaces/UX221Assignment1/.wordpress/wp-content/plugins/enhanced-category-pages/classes/ecp/WP_Integration.php(229): ecp\WP_Integration->get_enhanced_category_edit_url(Object(WP_Term))
#6 /workspaces/UX221Assignment1/.wordpress/wp-content/plugins/enhanced-category-pages/classes/ecp/WP_Integration.php(222): ecp\WP_Integration->get_enhanced_category_edit_link(Object(WP_Term))
#7 /workspaces/UX221Assignment1/.wordpress/wp-includes/class-wp-hook.php(324): ecp\WP_Integration->add_ec_edit_link(Array, Object(WP_Term))
#8 /workspaces/UX221Assignment1/.wordpress/wp-includes/plugin.php(205): WP_Hook->apply_filters(Array, Array)
#9 /workspaces/UX221Assignment1/.wordpress/wp-admin/includes/class-wp-terms-list-table.php(546): apply_filters('tag_row_actions', Array, Object(WP_Term))
#10 /workspaces/UX221Assignment1/.wordpress/wp-admin/includes/class-wp-list-table.php(1798): WP_Terms_List_Table->handle_row_actions(Object(WP_Term), 'name', 'name')
#11 /workspaces/UX221Assignment1/.wordpress/wp-admin/includes/class-wp-terms-list-table.php(352): WP_List_Table->single_row_columns(Object(WP_Term))
#12 /workspaces/UX221Assignment1/.wordpress/wp-admin/includes/class-wp-terms-list-table.php(319): WP_Terms_List_Table->single_row(Object(WP_Term), 'level-0')
#13 /workspaces/UX221Assignment1/.wordpress/wp-admin/includes/class-wp-terms-list-table.php(256): WP_Terms_List_Table->_rows('category', Array, Array, 0, 20, 1)
#14 /workspaces/UX221Assignment1/.wordpress/wp-admin/includes/class-wp-list-table.php(1639): WP_Terms_List_Table->display_rows_or_placeholder()
#15 /workspaces/UX221Assignment1/.wordpress/wp-admin/edit-tags.php(619): WP_List_Table->display()
#16 {main}</pre>
 for query 
				SELECT post_id, taxonomy
				FROM wp_ecp_x_category
				WHERE category_id = 3
			 made by WP_List_Table->display, WP_Terms_List_Table->display_rows_or_placeholder, WP_Terms_List_Table->_rows, WP_Terms_List_Table->single_row, WP_List_Table->single_row_columns, WP_Terms_List_Table->handle_row_actions, apply_filters('tag_row_actions'), WP_Hook->apply_filters, ecp\WP_Integration->add_ec_edit_link, ecp\WP_Integration->get_enhanced_category_edit_link, ecp\WP_Integration->get_enhanced_category_edit_url, ecp\Enhanced_Category->get_first_or_create_for_category, ecp\Enhanced_Category->get_by_category, WP_SQLite_DB->query, WP_SQLite_DB->print_error
[30-Jan-2025 00:36:38 UTC] PHP Warning:  Attempt to read property "post_id" on null in /workspaces/UX221Assignment1/.wordpress/wp-content/plugins/enhanced-category-pages/classes/ecp/Enhanced_Category.php on line 143
[30-Jan-2025 00:36:38 UTC] WordPress database error <div style="clear:both">&nbsp;</div>
<div class="queries" style="clear:both;margin-bottom:2px;border:red dotted thin;">
<p>MySQL query:</p>
<p>UPDATE `wp_ecp_x_category` SET `taxonomy` = 'category' WHERE `category_id` = '3'</p>
<p>Queries made or created this session were:</p>
<ol>
<li>Executing: BEGIN | (no parameters)</li>
<li>Executing: UPDATE `wp_ecp_x_category` SET `taxonomy` = :param0  WHERE rowid IN (SELECT rowid FROM wp_ecp_x_category WHERE `category_id` = :param1 ) | parameters: category, 3</li>
<li>Executing: ROLLBACK | (no parameters)</li>
</ol>
</div>
<div style="clear:both;margin-bottom:2px;border:red dotted thin;" class="error_message" style="border-bottom:dotted blue thin;">
Error occurred at line 4117 in Function <code>handle_error</code>. Error message was: SQLSTATE[HY000]: General error: 1 no such table: wp_ecp_x_category.
</div>
<p>Backtrace:</p>
<pre>#0 /workspaces/UX221Assignment1/.wordpress/wp-content/mu-plugins/sqlite-database-integration/wp-includes/sqlite/class-wp-sqlite-db.php(287): WP_SQLite_Translator->get_error_message()
#1 /workspaces/UX221Assignment1/.wordpress/wp-includes/class-wpdb.php(2716): WP_SQLite_DB->query('UPDATE `wp_ecp_...')
#2 /workspaces/UX221Assignment1/.wordpress/wp-content/plugins/enhanced-category-pages/classes/ecp/Enhanced_Category.php(121): wpdb->update('wp_ecp_x_catego...', Array, Array)
#3 /workspaces/UX221Assignment1/.wordpress/wp-content/plugins/enhanced-category-pages/classes/ecp/Enhanced_Category.php(148): ecp\Enhanced_Category->fill_empty_taxonomy(3)
#4 /workspaces/UX221Assignment1/.wordpress/wp-content/plugins/enhanced-category-pages/classes/ecp/Enhanced_Category.php(163): ecp\Enhanced_Category->get_by_category(3)
#5 /workspaces/UX221Assignment1/.wordpress/wp-content/plugins/enhanced-category-pages/classes/ecp/WP_Integration.php(235): ecp\Enhanced_Category->get_first_or_create_for_category(3, 'category')
#6 /workspaces/UX221Assignment1/.wordpress/wp-content/plugins/enhanced-category-pages/classes/ecp/WP_Integration.php(229): ecp\WP_Integration->get_enhanced_category_edit_url(Object(WP_Term))
#7 /workspaces/UX221Assignment1/.wordpress/wp-content/plugins/enhanced-category-pages/classes/ecp/WP_Integration.php(222): ecp\WP_Integration->get_enhanced_category_edit_link(Object(WP_Term))
#8 /workspaces/UX221Assignment1/.wordpress/wp-includes/class-wp-hook.php(324): ecp\WP_Integration->add_ec_edit_link(Array, Object(WP_Term))
#9 /workspaces/UX221Assignment1/.wordpress/wp-includes/plugin.php(205): WP_Hook->apply_filters(Array, Array)
#10 /workspaces/UX221Assignment1/.wordpress/wp-admin/includes/class-wp-terms-list-table.php(546): apply_filters('tag_row_actions', Array, Object(WP_Term))
#11 /workspaces/UX221Assignment1/.wordpress/wp-admin/includes/class-wp-list-table.php(1798): WP_Terms_List_Table->handle_row_actions(Object(WP_Term), 'name', 'name')
#12 /workspaces/UX221Assignment1/.wordpress/wp-admin/includes/class-wp-terms-list-table.php(352): WP_List_Table->single_row_columns(Object(WP_Term))
#13 /workspaces/UX221Assignment1/.wordpress/wp-admin/includes/class-wp-terms-list-table.php(319): WP_Terms_List_Table->single_row(Object(WP_Term), 'level-0')
#14 /workspaces/UX221Assignment1/.wordpress/wp-admin/includes/class-wp-terms-list-table.php(256): WP_Terms_List_Table->_rows('category', Array, Array, 0, 20, 1)
#15 /workspaces/UX221Assignment1/.wordpress/wp-admin/includes/class-wp-list-table.php(1639): WP_Terms_List_Table->display_rows_or_placeholder()
#16 /workspaces/UX221Assignment1/.wordpress/wp-admin/edit-tags.php(619): WP_List_Table->display()
#17 {main}</pre>
 for query UPDATE `wp_ecp_x_category` SET `taxonomy` = 'category' WHERE `category_id` = '3' made by WP_List_Table->display, WP_Terms_List_Table->display_rows_or_placeholder, WP_Terms_List_Table->_rows, WP_Terms_List_Table->single_row, WP_List_Table->single_row_columns, WP_Terms_List_Table->handle_row_actions, apply_filters('tag_row_actions'), WP_Hook->apply_filters, ecp\WP_Integration->add_ec_edit_link, ecp\WP_Integration->get_enhanced_category_edit_link, ecp\WP_Integration->get_enhanced_category_edit_url, ecp\Enhanced_Category->get_first_or_create_for_category, ecp\Enhanced_Category->get_by_category, ecp\Enhanced_Category->fill_empty_taxonomy, WP_SQLite_DB->query, WP_SQLite_DB->print_error
[30-Jan-2025 00:36:38 UTC] WordPress database error <div style="clear:both">&nbsp;</div>
<div class="queries" style="clear:both;margin-bottom:2px;border:red dotted thin;">
<p>MySQL query:</p>
<p>INSERT INTO `wp_ecp_x_category` (`category_id`, `post_id`, `taxonomy`) VALUES ('3', 15, 'category')</p>
<p>Queries made or created this session were:</p>
<ol>
<li>Executing: BEGIN | (no parameters)</li>
<li>Executing: INSERT INTO `wp_ecp_x_category` (`category_id`, `post_id`, `taxonomy`) VALUES (:param0 , 15, :param1 ) | parameters: 3, category</li>
<li>Executing: ROLLBACK | (no parameters)</li>
</ol>
</div>
<div style="clear:both;margin-bottom:2px;border:red dotted thin;" class="error_message" style="border-bottom:dotted blue thin;">
Error occurred at line 4117 in Function <code>handle_error</code>. Error message was: SQLSTATE[HY000]: General error: 1 no such table: wp_ecp_x_category.
</div>
<p>Backtrace:</p>
<pre>#0 /workspaces/UX221Assignment1/.wordpress/wp-content/mu-plugins/sqlite-database-integration/wp-includes/sqlite/class-wp-sqlite-db.php(287): WP_SQLite_Translator->get_error_message()
#1 /workspaces/UX221Assignment1/.wordpress/wp-includes/class-wpdb.php(2610): WP_SQLite_DB->query('INSERT INTO `wp...')
#2 /workspaces/UX221Assignment1/.wordpress/wp-includes/class-wpdb.php(2499): wpdb->_insert_replace_helper('wp_ecp_x_catego...', Array, NULL, 'INSERT')
#3 /workspaces/UX221Assignment1/.wordpress/wp-content/plugins/enhanced-category-pages/classes/ecp/Enhanced_Category.php(61): wpdb->insert('wp_ecp_x_catego...', Array)
#4 /workspaces/UX221Assignment1/.wordpress/wp-content/plugins/enhanced-category-pages/classes/ecp/Enhanced_Category.php(47): ecp\Enhanced_Category->_insert_into_ecp_x_category(3, 15, 'category')
#5 /workspaces/UX221Assignment1/.wordpress/wp-content/plugins/enhanced-category-pages/classes/ecp/Enhanced_Category.php(167): ecp\Enhanced_Category->add_new_from_category(Object(WP_Term))
#6 /workspaces/UX221Assignment1/.wordpress/wp-content/plugins/enhanced-category-pages/classes/ecp/WP_Integration.php(235): ecp\Enhanced_Category->get_first_or_create_for_category(3, 'category')
#7 /workspaces/UX221Assignment1/.wordpress/wp-content/plugins/enhanced-category-pages/classes/ecp/WP_Integration.php(229): ecp\WP_Integration->get_enhanced_category_edit_url(Object(WP_Term))
#8 /workspaces/UX221Assignment1/.wordpress/wp-content/plugins/enhanced-category-pages/classes/ecp/WP_Integration.php(222): ecp\WP_Integration->get_enhanced_category_edit_link(Object(WP_Term))
#9 /workspaces/UX221Assignment1/.wordpress/wp-includes/class-wp-hook.php(324): ecp\WP_Integration->add_ec_edit_link(Array, Object(WP_Term))
#10 /workspaces/UX221Assignment1/.wordpress/wp-includes/plugin.php(205): WP_Hook->apply_filters(Array, Array)
#11 /workspaces/UX221Assignment1/.wordpress/wp-admin/includes/class-wp-terms-list-table.php(546): apply_filters('tag_row_actions', Array, Object(WP_Term))
#12 /workspaces/UX221Assignment1/.wordpress/wp-admin/includes/class-wp-list-table.php(1798): WP_Terms_List_Table->handle_row_actions(Object(WP_Term), 'name', 'name')
#13 /workspaces/UX221Assignment1/.wordpress/wp-admin/includes/class-wp-terms-list-table.php(352): WP_List_Table->single_row_columns(Object(WP_Term))
#14 /workspaces/UX221Assignment1/.wordpress/wp-admin/includes/class-wp-terms-list-table.php(319): WP_Terms_List_Table->single_row(Object(WP_Term), 'level-0')
#15 /workspaces/UX221Assignment1/.wordpress/wp-admin/includes/class-wp-terms-list-table.php(256): WP_Terms_List_Table->_rows('category', Array, Array, 0, 20, 1)
#16 /workspaces/UX221Assignment1/.wordpress/wp-admin/includes/class-wp-list-table.php(1639): WP_Terms_List_Table->display_rows_or_placeholder()
#17 /workspaces/UX221Assignment1/.wordpress/wp-admin/edit-tags.php(619): WP_List_Table->display()
#18 {main}</pre>
 for query INSERT INTO `wp_ecp_x_category` (`category_id`, `post_id`, `taxonomy`) VALUES ('3', 15, 'category') made by WP_List_Table->display, WP_Terms_List_Table->display_rows_or_placeholder, WP_Terms_List_Table->_rows, WP_Terms_List_Table->single_row, WP_List_Table->single_row_columns, WP_Terms_List_Table->handle_row_actions, apply_filters('tag_row_actions'), WP_Hook->apply_filters, ecp\WP_Integration->add_ec_edit_link, ecp\WP_Integration->get_enhanced_category_edit_link, ecp\WP_Integration->get_enhanced_category_edit_url, ecp\Enhanced_Category->get_first_or_create_for_category, ecp\Enhanced_Category->add_new_from_category, ecp\Enhanced_Category->_insert_into_ecp_x_category, WP_SQLite_DB->query, WP_SQLite_DB->print_error
[30-Jan-2025 00:36:38 UTC] WordPress database error <div style="clear:both">&nbsp;</div>
<div class="queries" style="clear:both;margin-bottom:2px;border:red dotted thin;">
<p>MySQL query:</p>
<p>
				SELECT post_id, taxonomy
				FROM wp_ecp_x_category
				WHERE category_id = 0
			</p>
<p>Queries made or created this session were:</p>
<ol>
<li>Executing: BEGIN | (no parameters)</li>
<li>Executing: 
				SELECT post_id, taxonomy
				FROM wp_ecp_x_category
				WHERE category_id = 0
			 | (no parameters)</li>
<li>Executing: ROLLBACK | (no parameters)</li>
</ol>
</div>
<div style="clear:both;margin-bottom:2px;border:red dotted thin;" class="error_message" style="border-bottom:dotted blue thin;">
Error occurred at line 4117 in Function <code>handle_error</code>. Error message was: SQLSTATE[HY000]: General error: 1 no such table: wp_ecp_x_category.
</div>
<p>Backtrace:</p>
<pre>#0 /workspaces/UX221Assignment1/.wordpress/wp-content/mu-plugins/sqlite-database-integration/wp-includes/sqlite/class-wp-sqlite-db.php(287): WP_SQLite_Translator->get_error_message()
#1 /workspaces/UX221Assignment1/.wordpress/wp-includes/class-wpdb.php(3061): WP_SQLite_DB->query('\n\t\t\t\tSELECT pos...')
#2 /workspaces/UX221Assignment1/.wordpress/wp-content/plugins/enhanced-category-pages/classes/ecp/Enhanced_Category.php(135): wpdb->get_row('\n\t\t\t\tSELECT pos...')
#3 /workspaces/UX221Assignment1/.wordpress/wp-content/plugins/enhanced-category-pages/classes/ecp/Enhanced_Category.php(231): ecp\Enhanced_Category->get_by_category(NULL)
#4 /workspaces/UX221Assignment1/.wordpress/wp-content/plugins/enhanced-category-pages/views/ecp_category_description.php(9): ecp\Enhanced_Category->setup_ec_data(NULL)
#5 /workspaces/UX221Assignment1/.wordpress/wp-content/plugins/enhanced-category-pages/classes/ecp/WP_Integration.php(114): include('/workspaces/UX2...')
#6 /workspaces/UX221Assignment1/.wordpress/wp-includes/class-wp-hook.php(326): ecp\WP_Integration->category_description_filter('<p>Types of yar...')
#7 /workspaces/UX221Assignment1/.wordpress/wp-includes/plugin.php(205): WP_Hook->apply_filters('<p>Types of yar...', Array)
#8 /workspaces/UX221Assignment1/.wordpress/wp-includes/taxonomy.php(1897): apply_filters('category_descri...', '<p>Types of yar...', 2, 'display')
#9 /workspaces/UX221Assignment1/.wordpress/wp-includes/taxonomy.php(1714): sanitize_term_field('description', '<p>Types of yar...', 2, 'category', 'display')
#10 /workspaces/UX221Assignment1/.wordpress/wp-admin/includes/class-wp-terms-list-table.php(340): sanitize_term(Object(WP_Term), 'category')
#11 /workspaces/UX221Assignment1/.wordpress/wp-admin/includes/class-wp-terms-list-table.php(319): WP_Terms_List_Table->single_row(Object(WP_Term), 0)
#12 /workspaces/UX221Assignment1/.wordpress/wp-admin/includes/class-wp-terms-list-table.php(256): WP_Terms_List_Table->_rows('category', Array, Array, 0, 20, 2)
#13 /workspaces/UX221Assignment1/.wordpress/wp-admin/includes/class-wp-list-table.php(1639): WP_Terms_List_Table->display_rows_or_placeholder()
#14 /workspaces/UX221Assignment1/.wordpress/wp-admin/edit-tags.php(619): WP_List_Table->display()
#15 {main}</pre>
 for query 
				SELECT post_id, taxonomy
				FROM wp_ecp_x_category
				WHERE category_id = 0
			 made by WP_List_Table->display, WP_Terms_List_Table->display_rows_or_placeholder, WP_Terms_List_Table->_rows, WP_Terms_List_Table->single_row, sanitize_term, sanitize_term_field, apply_filters('category_description'), WP_Hook->apply_filters, ecp\WP_Integration->category_description_filter, include('/plugins/enhanced-category-pages/views/ecp_category_description.php'), ecp\Enhanced_Category->setup_ec_data, ecp\Enhanced_Category->get_by_category, WP_SQLite_DB->query, WP_SQLite_DB->print_error
[30-Jan-2025 00:36:38 UTC] PHP Warning:  Attempt to read property "post_id" on null in /workspaces/UX221Assignment1/.wordpress/wp-content/plugins/enhanced-category-pages/classes/ecp/Enhanced_Category.php on line 143
[30-Jan-2025 00:36:38 UTC] PHP Warning:  Undefined array key 0 in /workspaces/UX221Assignment1/.wordpress/wp-content/plugins/enhanced-category-pages/classes/ecp/Enhanced_Category.php on line 232
[30-Jan-2025 00:36:38 UTC] WordPress database error <div style="clear:both">&nbsp;</div>
<div class="queries" style="clear:both;margin-bottom:2px;border:red dotted thin;">
<p>MySQL query:</p>
<p>
				SELECT post_id, taxonomy
				FROM wp_ecp_x_category
				WHERE category_id = 2
			</p>
<p>Queries made or created this session were:</p>
<ol>
<li>Executing: BEGIN | (no parameters)</li>
<li>Executing: 
				SELECT post_id, taxonomy
				FROM wp_ecp_x_category
				WHERE category_id = 2
			 | (no parameters)</li>
<li>Executing: ROLLBACK | (no parameters)</li>
</ol>
</div>
<div style="clear:both;margin-bottom:2px;border:red dotted thin;" class="error_message" style="border-bottom:dotted blue thin;">
Error occurred at line 4117 in Function <code>handle_error</code>. Error message was: SQLSTATE[HY000]: General error: 1 no such table: wp_ecp_x_category.
</div>
<p>Backtrace:</p>
<pre>#0 /workspaces/UX221Assignment1/.wordpress/wp-content/mu-plugins/sqlite-database-integration/wp-includes/sqlite/class-wp-sqlite-db.php(287): WP_SQLite_Translator->get_error_message()
#1 /workspaces/UX221Assignment1/.wordpress/wp-includes/class-wpdb.php(3061): WP_SQLite_DB->query('\n\t\t\t\tSELECT pos...')
#2 /workspaces/UX221Assignment1/.wordpress/wp-content/plugins/enhanced-category-pages/classes/ecp/Enhanced_Category.php(135): wpdb->get_row('\n\t\t\t\tSELECT pos...')
#3 /workspaces/UX221Assignment1/.wordpress/wp-content/plugins/enhanced-category-pages/classes/ecp/Enhanced_Category.php(163): ecp\Enhanced_Category->get_by_category(2)
#4 /workspaces/UX221Assignment1/.wordpress/wp-content/plugins/enhanced-category-pages/classes/ecp/WP_Integration.php(235): ecp\Enhanced_Category->get_first_or_create_for_category(2, 'category')
#5 /workspaces/UX221Assignment1/.wordpress/wp-content/plugins/enhanced-category-pages/classes/ecp/WP_Integration.php(229): ecp\WP_Integration->get_enhanced_category_edit_url(Object(WP_Term))
#6 /workspaces/UX221Assignment1/.wordpress/wp-content/plugins/enhanced-category-pages/classes/ecp/WP_Integration.php(222): ecp\WP_Integration->get_enhanced_category_edit_link(Object(WP_Term))
#7 /workspaces/UX221Assignment1/.wordpress/wp-includes/class-wp-hook.php(324): ecp\WP_Integration->add_ec_edit_link(Array, Object(WP_Term))
#8 /workspaces/UX221Assignment1/.wordpress/wp-includes/plugin.php(205): WP_Hook->apply_filters(Array, Array)
#9 /workspaces/UX221Assignment1/.wordpress/wp-admin/includes/class-wp-terms-list-table.php(546): apply_filters('tag_row_actions', Array, Object(WP_Term))
#10 /workspaces/UX221Assignment1/.wordpress/wp-admin/includes/class-wp-list-table.php(1798): WP_Terms_List_Table->handle_row_actions(Object(WP_Term), 'name', 'name')
#11 /workspaces/UX221Assignment1/.wordpress/wp-admin/includes/class-wp-terms-list-table.php(352): WP_List_Table->single_row_columns(Object(WP_Term))
#12 /workspaces/UX221Assignment1/.wordpress/wp-admin/includes/class-wp-terms-list-table.php(319): WP_Terms_List_Table->single_row(Object(WP_Term), 'level-0')
#13 /workspaces/UX221Assignment1/.wordpress/wp-admin/includes/class-wp-terms-list-table.php(256): WP_Terms_List_Table->_rows('category', Array, Array, 0, 20, 2)
#14 /workspaces/UX221Assignment1/.wordpress/wp-admin/includes/class-wp-list-table.php(1639): WP_Terms_List_Table->display_rows_or_placeholder()
#15 /workspaces/UX221Assignment1/.wordpress/wp-admin/edit-tags.php(619): WP_List_Table->display()
#16 {main}</pre>
 for query 
				SELECT post_id, taxonomy
				FROM wp_ecp_x_category
				WHERE category_id = 2
			 made by WP_List_Table->display, WP_Terms_List_Table->display_rows_or_placeholder, WP_Terms_List_Table->_rows, WP_Terms_List_Table->single_row, WP_List_Table->single_row_columns, WP_Terms_List_Table->handle_row_actions, apply_filters('tag_row_actions'), WP_Hook->apply_filters, ecp\WP_Integration->add_ec_edit_link, ecp\WP_Integration->get_enhanced_category_edit_link, ecp\WP_Integration->get_enhanced_category_edit_url, ecp\Enhanced_Category->get_first_or_create_for_category, ecp\Enhanced_Category->get_by_category, WP_SQLite_DB->query, WP_SQLite_DB->print_error
[30-Jan-2025 00:36:38 UTC] PHP Warning:  Attempt to read property "post_id" on null in /workspaces/UX221Assignment1/.wordpress/wp-content/plugins/enhanced-category-pages/classes/ecp/Enhanced_Category.php on line 143
[30-Jan-2025 00:36:38 UTC] WordPress database error <div style="clear:both">&nbsp;</div>
<div class="queries" style="clear:both;margin-bottom:2px;border:red dotted thin;">
<p>MySQL query:</p>
<p>UPDATE `wp_ecp_x_category` SET `taxonomy` = 'category' WHERE `category_id` = '2'</p>
<p>Queries made or created this session were:</p>
<ol>
<li>Executing: BEGIN | (no parameters)</li>
<li>Executing: UPDATE `wp_ecp_x_category` SET `taxonomy` = :param0  WHERE rowid IN (SELECT rowid FROM wp_ecp_x_category WHERE `category_id` = :param1 ) | parameters: category, 2</li>
<li>Executing: ROLLBACK | (no parameters)</li>
</ol>
</div>
<div style="clear:both;margin-bottom:2px;border:red dotted thin;" class="error_message" style="border-bottom:dotted blue thin;">
Error occurred at line 4117 in Function <code>handle_error</code>. Error message was: SQLSTATE[HY000]: General error: 1 no such table: wp_ecp_x_category.
</div>
<p>Backtrace:</p>
<pre>#0 /workspaces/UX221Assignment1/.wordpress/wp-content/mu-plugins/sqlite-database-integration/wp-includes/sqlite/class-wp-sqlite-db.php(287): WP_SQLite_Translator->get_error_message()
#1 /workspaces/UX221Assignment1/.wordpress/wp-includes/class-wpdb.php(2716): WP_SQLite_DB->query('UPDATE `wp_ecp_...')
#2 /workspaces/UX221Assignment1/.wordpress/wp-content/plugins/enhanced-category-pages/classes/ecp/Enhanced_Category.php(121): wpdb->update('wp_ecp_x_catego...', Array, Array)
#3 /workspaces/UX221Assignment1/.wordpress/wp-content/plugins/enhanced-category-pages/classes/ecp/Enhanced_Category.php(148): ecp\Enhanced_Category->fill_empty_taxonomy(2)
#4 /workspaces/UX221Assignment1/.wordpress/wp-content/plugins/enhanced-category-pages/classes/ecp/Enhanced_Category.php(163): ecp\Enhanced_Category->get_by_category(2)
#5 /workspaces/UX221Assignment1/.wordpress/wp-content/plugins/enhanced-category-pages/classes/ecp/WP_Integration.php(235): ecp\Enhanced_Category->get_first_or_create_for_category(2, 'category')
#6 /workspaces/UX221Assignment1/.wordpress/wp-content/plugins/enhanced-category-pages/classes/ecp/WP_Integration.php(229): ecp\WP_Integration->get_enhanced_category_edit_url(Object(WP_Term))
#7 /workspaces/UX221Assignment1/.wordpress/wp-content/plugins/enhanced-category-pages/classes/ecp/WP_Integration.php(222): ecp\WP_Integration->get_enhanced_category_edit_link(Object(WP_Term))
#8 /workspaces/UX221Assignment1/.wordpress/wp-includes/class-wp-hook.php(324): ecp\WP_Integration->add_ec_edit_link(Array, Object(WP_Term))
#9 /workspaces/UX221Assignment1/.wordpress/wp-includes/plugin.php(205): WP_Hook->apply_filters(Array, Array)
#10 /workspaces/UX221Assignment1/.wordpress/wp-admin/includes/class-wp-terms-list-table.php(546): apply_filters('tag_row_actions', Array, Object(WP_Term))
#11 /workspaces/UX221Assignment1/.wordpress/wp-admin/includes/class-wp-list-table.php(1798): WP_Terms_List_Table->handle_row_actions(Object(WP_Term), 'name', 'name')
#12 /workspaces/UX221Assignment1/.wordpress/wp-admin/includes/class-wp-terms-list-table.php(352): WP_List_Table->single_row_columns(Object(WP_Term))
#13 /workspaces/UX221Assignment1/.wordpress/wp-admin/includes/class-wp-terms-list-table.php(319): WP_Terms_List_Table->single_row(Object(WP_Term), 'level-0')
#14 /workspaces/UX221Assignment1/.wordpress/wp-admin/includes/class-wp-terms-list-table.php(256): WP_Terms_List_Table->_rows('category', Array, Array, 0, 20, 2)
#15 /workspaces/UX221Assignment1/.wordpress/wp-admin/includes/class-wp-list-table.php(1639): WP_Terms_List_Table->display_rows_or_placeholder()
#16 /workspaces/UX221Assignment1/.wordpress/wp-admin/edit-tags.php(619): WP_List_Table->display()
#17 {main}</pre>
 for query UPDATE `wp_ecp_x_category` SET `taxonomy` = 'category' WHERE `category_id` = '2' made by WP_List_Table->display, WP_Terms_List_Table->display_rows_or_placeholder, WP_Terms_List_Table->_rows, WP_Terms_List_Table->single_row, WP_List_Table->single_row_columns, WP_Terms_List_Table->handle_row_actions, apply_filters('tag_row_actions'), WP_Hook->apply_filters, ecp\WP_Integration->add_ec_edit_link, ecp\WP_Integration->get_enhanced_category_edit_link, ecp\WP_Integration->get_enhanced_category_edit_url, ecp\Enhanced_Category->get_first_or_create_for_category, ecp\Enhanced_Category->get_by_category, ecp\Enhanced_Category->fill_empty_taxonomy, WP_SQLite_DB->query, WP_SQLite_DB->print_error
[30-Jan-2025 00:36:38 UTC] WordPress database error <div style="clear:both">&nbsp;</div>
<div class="queries" style="clear:both;margin-bottom:2px;border:red dotted thin;">
<p>MySQL query:</p>
<p>INSERT INTO `wp_ecp_x_category` (`category_id`, `post_id`, `taxonomy`) VALUES ('2', 16, 'category')</p>
<p>Queries made or created this session were:</p>
<ol>
<li>Executing: BEGIN | (no parameters)</li>
<li>Executing: INSERT INTO `wp_ecp_x_category` (`category_id`, `post_id`, `taxonomy`) VALUES (:param0 , 16, :param1 ) | parameters: 2, category</li>
<li>Executing: ROLLBACK | (no parameters)</li>
</ol>
</div>
<div style="clear:both;margin-bottom:2px;border:red dotted thin;" class="error_message" style="border-bottom:dotted blue thin;">
Error occurred at line 4117 in Function <code>handle_error</code>. Error message was: SQLSTATE[HY000]: General error: 1 no such table: wp_ecp_x_category.
</div>
<p>Backtrace:</p>
<pre>#0 /workspaces/UX221Assignment1/.wordpress/wp-content/mu-plugins/sqlite-database-integration/wp-includes/sqlite/class-wp-sqlite-db.php(287): WP_SQLite_Translator->get_error_message()
#1 /workspaces/UX221Assignment1/.wordpress/wp-includes/class-wpdb.php(2610): WP_SQLite_DB->query('INSERT INTO `wp...')
#2 /workspaces/UX221Assignment1/.wordpress/wp-includes/class-wpdb.php(2499): wpdb->_insert_replace_helper('wp_ecp_x_catego...', Array, NULL, 'INSERT')
#3 /workspaces/UX221Assignment1/.wordpress/wp-content/plugins/enhanced-category-pages/classes/ecp/Enhanced_Category.php(61): wpdb->insert('wp_ecp_x_catego...', Array)
#4 /workspaces/UX221Assignment1/.wordpress/wp-content/plugins/enhanced-category-pages/classes/ecp/Enhanced_Category.php(47): ecp\Enhanced_Category->_insert_into_ecp_x_category(2, 16, 'category')
#5 /workspaces/UX221Assignment1/.wordpress/wp-content/plugins/enhanced-category-pages/classes/ecp/Enhanced_Category.php(167): ecp\Enhanced_Category->add_new_from_category(Object(WP_Term))
#6 /workspaces/UX221Assignment1/.wordpress/wp-content/plugins/enhanced-category-pages/classes/ecp/WP_Integration.php(235): ecp\Enhanced_Category->get_first_or_create_for_category(2, 'category')
#7 /workspaces/UX221Assignment1/.wordpress/wp-content/plugins/enhanced-category-pages/classes/ecp/WP_Integration.php(229): ecp\WP_Integration->get_enhanced_category_edit_url(Object(WP_Term))
#8 /workspaces/UX221Assignment1/.wordpress/wp-content/plugins/enhanced-category-pages/classes/ecp/WP_Integration.php(222): ecp\WP_Integration->get_enhanced_category_edit_link(Object(WP_Term))
#9 /workspaces/UX221Assignment1/.wordpress/wp-includes/class-wp-hook.php(324): ecp\WP_Integration->add_ec_edit_link(Array, Object(WP_Term))
#10 /workspaces/UX221Assignment1/.wordpress/wp-includes/plugin.php(205): WP_Hook->apply_filters(Array, Array)
#11 /workspaces/UX221Assignment1/.wordpress/wp-admin/includes/class-wp-terms-list-table.php(546): apply_filters('tag_row_actions', Array, Object(WP_Term))
#12 /workspaces/UX221Assignment1/.wordpress/wp-admin/includes/class-wp-list-table.php(1798): WP_Terms_List_Table->handle_row_actions(Object(WP_Term), 'name', 'name')
#13 /workspaces/UX221Assignment1/.wordpress/wp-admin/includes/class-wp-terms-list-table.php(352): WP_List_Table->single_row_columns(Object(WP_Term))
#14 /workspaces/UX221Assignment1/.wordpress/wp-admin/includes/class-wp-terms-list-table.php(319): WP_Terms_List_Table->single_row(Object(WP_Term), 'level-0')
#15 /workspaces/UX221Assignment1/.wordpress/wp-admin/includes/class-wp-terms-list-table.php(256): WP_Terms_List_Table->_rows('category', Array, Array, 0, 20, 2)
#16 /workspaces/UX221Assignment1/.wordpress/wp-admin/includes/class-wp-list-table.php(1639): WP_Terms_List_Table->display_rows_or_placeholder()
#17 /workspaces/UX221Assignment1/.wordpress/wp-admin/edit-tags.php(619): WP_List_Table->display()
#18 {main}</pre>
 for query INSERT INTO `wp_ecp_x_category` (`category_id`, `post_id`, `taxonomy`) VALUES ('2', 16, 'category') made by WP_List_Table->display, WP_Terms_List_Table->display_rows_or_placeholder, WP_Terms_List_Table->_rows, WP_Terms_List_Table->single_row, WP_List_Table->single_row_columns, WP_Terms_List_Table->handle_row_actions, apply_filters('tag_row_actions'), WP_Hook->apply_filters, ecp\WP_Integration->add_ec_edit_link, ecp\WP_Integration->get_enhanced_category_edit_link, ecp\WP_Integration->get_enhanced_category_edit_url, ecp\Enhanced_Category->get_first_or_create_for_category, ecp\Enhanced_Category->add_new_from_category, ecp\Enhanced_Category->_insert_into_ecp_x_category, WP_SQLite_DB->query, WP_SQLite_DB->print_error
[30-Jan-2025 00:37:04 UTC] WordPress database error <div style="clear:both">&nbsp;</div>
<div class="queries" style="clear:both;margin-bottom:2px;border:red dotted thin;">
<p>MySQL query:</p>
<p>
				SELECT category_id, taxonomy
				FROM wp_ecp_x_category
				WHERE post_id = 15
			</p>
<p>Queries made or created this session were:</p>
<ol>
<li>Executing: BEGIN | (no parameters)</li>
<li>Executing: 
				SELECT category_id, taxonomy
				FROM wp_ecp_x_category
				WHERE post_id = 15
			 | (no parameters)</li>
<li>Executing: ROLLBACK | (no parameters)</li>
</ol>
</div>
<div style="clear:both;margin-bottom:2px;border:red dotted thin;" class="error_message" style="border-bottom:dotted blue thin;">
Error occurred at line 4117 in Function <code>handle_error</code>. Error message was: SQLSTATE[HY000]: General error: 1 no such table: wp_ecp_x_category.
</div>
<p>Backtrace:</p>
<pre>#0 /workspaces/UX221Assignment1/.wordpress/wp-content/mu-plugins/sqlite-database-integration/wp-includes/sqlite/class-wp-sqlite-db.php(287): WP_SQLite_Translator->get_error_message()
#1 /workspaces/UX221Assignment1/.wordpress/wp-includes/class-wpdb.php(3061): WP_SQLite_DB->query('\n\t\t\t\tSELECT cat...')
#2 /workspaces/UX221Assignment1/.wordpress/wp-content/plugins/enhanced-category-pages/classes/ecp/Enhanced_Category.php(90): wpdb->get_row('\n\t\t\t\tSELECT cat...')
#3 /workspaces/UX221Assignment1/.wordpress/wp-content/plugins/enhanced-category-pages/classes/ecp/WP_Integration.php(171): ecp\Enhanced_Category->get_by_post(15)
#4 /workspaces/UX221Assignment1/.wordpress/wp-includes/class-wp-hook.php(324): ecp\WP_Integration->ecp_edit_back_taxonomy(Object(WP_Post))
#5 /workspaces/UX221Assignment1/.wordpress/wp-includes/class-wp-hook.php(348): WP_Hook->apply_filters('', Array)
#6 /workspaces/UX221Assignment1/.wordpress/wp-includes/plugin.php(517): WP_Hook->do_action(Array)
#7 /workspaces/UX221Assignment1/.wordpress/wp-admin/edit-form-advanced.php(526): do_action('edit_form_top', Object(WP_Post))
#8 /workspaces/UX221Assignment1/.wordpress/wp-admin/post.php(206): require('/workspaces/UX2...')
#9 {main}</pre>
 for query 
				SELECT category_id, taxonomy
				FROM wp_ecp_x_category
				WHERE post_id = 15
			 made by require('wp-admin/edit-form-advanced.php'), do_action('edit_form_top'), WP_Hook->do_action, WP_Hook->apply_filters, ecp\WP_Integration->ecp_edit_back_taxonomy, ecp\Enhanced_Category->get_by_post, WP_SQLite_DB->query, WP_SQLite_DB->print_error
[30-Jan-2025 00:37:04 UTC] PHP Warning:  Attempt to read property "category_id" on null in /workspaces/UX221Assignment1/.wordpress/wp-content/plugins/enhanced-category-pages/classes/ecp/Enhanced_Category.php on line 101
[30-Jan-2025 00:37:04 UTC] PHP Fatal error:  Uncaught Error: Attempt to assign property "taxonomy" on null in /workspaces/UX221Assignment1/.wordpress/wp-content/plugins/enhanced-category-pages/classes/ecp/Enhanced_Category.php:101
Stack trace:
#0 /workspaces/UX221Assignment1/.wordpress/wp-content/plugins/enhanced-category-pages/classes/ecp/WP_Integration.php(171): ecp\Enhanced_Category->get_by_post(15)
#1 /workspaces/UX221Assignment1/.wordpress/wp-includes/class-wp-hook.php(324): ecp\WP_Integration->ecp_edit_back_taxonomy(Object(WP_Post))
#2 /workspaces/UX221Assignment1/.wordpress/wp-includes/class-wp-hook.php(348): WP_Hook->apply_filters('', Array)
#3 /workspaces/UX221Assignment1/.wordpress/wp-includes/plugin.php(517): WP_Hook->do_action(Array)
#4 /workspaces/UX221Assignment1/.wordpress/wp-admin/edit-form-advanced.php(526): do_action('edit_form_top', Object(WP_Post))
#5 /workspaces/UX221Assignment1/.wordpress/wp-admin/post.php(206): require('/workspaces/UX2...')
#6 {main}
  thrown in /workspaces/UX221Assignment1/.wordpress/wp-content/plugins/enhanced-category-pages/classes/ecp/Enhanced_Category.php on line 101
[30-Jan-2025 00:37:19 UTC] WordPress database error <div style="clear:both">&nbsp;</div>
<div class="queries" style="clear:both;margin-bottom:2px;border:red dotted thin;">
<p>MySQL query:</p>
<p>
				SELECT category_id, taxonomy
				FROM wp_ecp_x_category
				WHERE post_id = 17
			</p>
<p>Queries made or created this session were:</p>
<ol>
<li>Executing: BEGIN | (no parameters)</li>
<li>Executing: 
				SELECT category_id, taxonomy
				FROM wp_ecp_x_category
				WHERE post_id = 17
			 | (no parameters)</li>
<li>Executing: ROLLBACK | (no parameters)</li>
</ol>
</div>
<div style="clear:both;margin-bottom:2px;border:red dotted thin;" class="error_message" style="border-bottom:dotted blue thin;">
Error occurred at line 4117 in Function <code>handle_error</code>. Error message was: SQLSTATE[HY000]: General error: 1 no such table: wp_ecp_x_category.
</div>
<p>Backtrace:</p>
<pre>#0 /workspaces/UX221Assignment1/.wordpress/wp-content/mu-plugins/sqlite-database-integration/wp-includes/sqlite/class-wp-sqlite-db.php(287): WP_SQLite_Translator->get_error_message()
#1 /workspaces/UX221Assignment1/.wordpress/wp-includes/class-wpdb.php(3061): WP_SQLite_DB->query('\n\t\t\t\tSELECT cat...')
#2 /workspaces/UX221Assignment1/.wordpress/wp-content/plugins/enhanced-category-pages/classes/ecp/Enhanced_Category.php(90): wpdb->get_row('\n\t\t\t\tSELECT cat...')
#3 /workspaces/UX221Assignment1/.wordpress/wp-content/plugins/enhanced-category-pages/classes/ecp/WP_Integration.php(171): ecp\Enhanced_Category->get_by_post(17)
#4 /workspaces/UX221Assignment1/.wordpress/wp-includes/class-wp-hook.php(324): ecp\WP_Integration->ecp_edit_back_taxonomy(Object(WP_Post))
#5 /workspaces/UX221Assignment1/.wordpress/wp-includes/class-wp-hook.php(348): WP_Hook->apply_filters('', Array)
#6 /workspaces/UX221Assignment1/.wordpress/wp-includes/plugin.php(517): WP_Hook->do_action(Array)
#7 /workspaces/UX221Assignment1/.wordpress/wp-admin/edit-form-advanced.php(526): do_action('edit_form_top', Object(WP_Post))
#8 /workspaces/UX221Assignment1/.wordpress/wp-admin/post-new.php(75): require('/workspaces/UX2...')
#9 {main}</pre>
 for query 
				SELECT category_id, taxonomy
				FROM wp_ecp_x_category
				WHERE post_id = 17
			 made by require('wp-admin/edit-form-advanced.php'), do_action('edit_form_top'), WP_Hook->do_action, WP_Hook->apply_filters, ecp\WP_Integration->ecp_edit_back_taxonomy, ecp\Enhanced_Category->get_by_post, WP_SQLite_DB->query, WP_SQLite_DB->print_error
[30-Jan-2025 00:37:19 UTC] PHP Warning:  Attempt to read property "category_id" on null in /workspaces/UX221Assignment1/.wordpress/wp-content/plugins/enhanced-category-pages/classes/ecp/Enhanced_Category.php on line 101
[30-Jan-2025 00:37:19 UTC] PHP Fatal error:  Uncaught Error: Attempt to assign property "taxonomy" on null in /workspaces/UX221Assignment1/.wordpress/wp-content/plugins/enhanced-category-pages/classes/ecp/Enhanced_Category.php:101
Stack trace:
#0 /workspaces/UX221Assignment1/.wordpress/wp-content/plugins/enhanced-category-pages/classes/ecp/WP_Integration.php(171): ecp\Enhanced_Category->get_by_post(17)
#1 /workspaces/UX221Assignment1/.wordpress/wp-includes/class-wp-hook.php(324): ecp\WP_Integration->ecp_edit_back_taxonomy(Object(WP_Post))
#2 /workspaces/UX221Assignment1/.wordpress/wp-includes/class-wp-hook.php(348): WP_Hook->apply_filters('', Array)
#3 /workspaces/UX221Assignment1/.wordpress/wp-includes/plugin.php(517): WP_Hook->do_action(Array)
#4 /workspaces/UX221Assignment1/.wordpress/wp-admin/edit-form-advanced.php(526): do_action('edit_form_top', Object(WP_Post))
#5 /workspaces/UX221Assignment1/.wordpress/wp-admin/post-new.php(75): require('/workspaces/UX2...')
#6 {main}
  thrown in /workspaces/UX221Assignment1/.wordpress/wp-content/plugins/enhanced-category-pages/classes/ecp/Enhanced_Category.php on line 101
[30-Jan-2025 01:02:49 UTC] WordPress database error <div style="clear:both">&nbsp;</div>
<div class="queries" style="clear:both;margin-bottom:2px;border:red dotted thin;">
<p>MySQL query:</p>
<p>INSERT INTO `wp_ecp_x_category` (`category_id`, `post_id`, `taxonomy`) VALUES ('9', 33, 'post_tag')</p>
<p>Queries made or created this session were:</p>
<ol>
<li>Executing: BEGIN | (no parameters)</li>
<li>Executing: INSERT INTO `wp_ecp_x_category` (`category_id`, `post_id`, `taxonomy`) VALUES (:param0 , 33, :param1 ) | parameters: 9, post_tag</li>
<li>Executing: ROLLBACK | (no parameters)</li>
</ol>
</div>
<div style="clear:both;margin-bottom:2px;border:red dotted thin;" class="error_message" style="border-bottom:dotted blue thin;">
Error occurred at line 4117 in Function <code>handle_error</code>. Error message was: SQLSTATE[HY000]: General error: 1 no such table: wp_ecp_x_category.
</div>
<p>Backtrace:</p>
<pre>#0 /workspaces/UX221Assignment1/.wordpress/wp-content/mu-plugins/sqlite-database-integration/wp-includes/sqlite/class-wp-sqlite-db.php(287): WP_SQLite_Translator->get_error_message()
#1 /workspaces/UX221Assignment1/.wordpress/wp-includes/class-wpdb.php(2610): WP_SQLite_DB->query('INSERT INTO `wp...')
#2 /workspaces/UX221Assignment1/.wordpress/wp-includes/class-wpdb.php(2499): wpdb->_insert_replace_helper('wp_ecp_x_catego...', Array, NULL, 'INSERT')
#3 /workspaces/UX221Assignment1/.wordpress/wp-content/plugins/enhanced-category-pages/classes/ecp/Enhanced_Category.php(61): wpdb->insert('wp_ecp_x_catego...', Array)
#4 /workspaces/UX221Assignment1/.wordpress/wp-content/plugins/enhanced-category-pages/classes/ecp/Enhanced_Category.php(47): ecp\Enhanced_Category->_insert_into_ecp_x_category(9, 33, 'post_tag')
#5 /workspaces/UX221Assignment1/.wordpress/wp-content/plugins/enhanced-category-pages/classes/ecp/WP_Integration.php(248): ecp\Enhanced_Category->add_new_from_category(Object(WP_Term))
#6 /workspaces/UX221Assignment1/.wordpress/wp-includes/class-wp-hook.php(326): ecp\WP_Integration->add_category(9, 9, 'post_tag')
#7 /workspaces/UX221Assignment1/.wordpress/wp-includes/class-wp-hook.php(348): WP_Hook->apply_filters('', Array)
#8 /workspaces/UX221Assignment1/.wordpress/wp-includes/plugin.php(517): WP_Hook->do_action(Array)
#9 /workspaces/UX221Assignment1/.wordpress/wp-includes/taxonomy.php(2660): do_action('create_term', 9, 9, 'post_tag', Array)
#10 /workspaces/UX221Assignment1/.wordpress/wp-includes/rest-api/endpoints/class-wp-rest-terms-controller.php(520): wp_insert_term('crochet', 'post_tag', Array)
#11 /workspaces/UX221Assignment1/.wordpress/wp-includes/rest-api/class-wp-rest-server.php(1292): WP_REST_Terms_Controller->create_item(Object(WP_REST_Request))
#12 /workspaces/UX221Assignment1/.wordpress/wp-includes/rest-api/class-wp-rest-server.php(1125): WP_REST_Server->respond_to_request(Object(WP_REST_Request), '/wp/v2/tags', Array, NULL)
#13 /workspaces/UX221Assignment1/.wordpress/wp-includes/rest-api/class-wp-rest-server.php(439): WP_REST_Server->dispatch(Object(WP_REST_Request))
#14 /workspaces/UX221Assignment1/.wordpress/wp-includes/rest-api.php(449): WP_REST_Server->serve_request('/wp/v2/tags')
#15 /workspaces/UX221Assignment1/.wordpress/wp-includes/class-wp-hook.php(324): rest_api_loaded(Object(WP))
#16 /workspaces/UX221Assignment1/.wordpress/wp-includes/class-wp-hook.php(348): WP_Hook->apply_filters('', Array)
#17 /workspaces/UX221Assignment1/.wordpress/wp-includes/plugin.php(565): WP_Hook->do_action(Array)
#18 /workspaces/UX221Assignment1/.wordpress/wp-includes/class-wp.php(418): do_action_ref_array('parse_request', Array)
#19 /workspaces/UX221Assignment1/.wordpress/wp-includes/class-wp.php(813): WP->parse_request('')
#20 /workspaces/UX221Assignment1/.wordpress/wp-includes/functions.php(1336): WP->main('')
#21 /workspaces/UX221Assignment1/.wordpress/wp-blog-header.php(16): wp()
#22 /workspaces/UX221Assignment1/.wordpress/index.php(17): require('/workspaces/UX2...')
#23 {main}</pre>
 for query INSERT INTO `wp_ecp_x_category` (`category_id`, `post_id`, `taxonomy`) VALUES ('9', 33, 'post_tag') made by require('wp-blog-header.php'), wp, WP->main, WP->parse_request, do_action_ref_array('parse_request'), WP_Hook->do_action, WP_Hook->apply_filters, rest_api_loaded, WP_REST_Server->serve_request, WP_REST_Server->dispatch, WP_REST_Server->respond_to_request, WP_REST_Terms_Controller->create_item, wp_insert_term, do_action('create_term'), WP_Hook->do_action, WP_Hook->apply_filters, ecp\WP_Integration->add_category, ecp\Enhanced_Category->add_new_from_category, ecp\Enhanced_Category->_insert_into_ecp_x_category, WP_SQLite_DB->query, WP_SQLite_DB->print_error
[30-Jan-2025 01:09:01 UTC] WordPress database error <div style="clear:both">&nbsp;</div>
<div class="queries" style="clear:both;margin-bottom:2px;border:red dotted thin;">
<p>MySQL query:</p>
<p>INSERT INTO `wp_ecp_x_category` (`category_id`, `post_id`, `taxonomy`) VALUES ('10', 38, 'post_tag')</p>
<p>Queries made or created this session were:</p>
<ol>
<li>Executing: BEGIN | (no parameters)</li>
<li>Executing: INSERT INTO `wp_ecp_x_category` (`category_id`, `post_id`, `taxonomy`) VALUES (:param0 , 38, :param1 ) | parameters: 10, post_tag</li>
<li>Executing: ROLLBACK | (no parameters)</li>
</ol>
</div>
<div style="clear:both;margin-bottom:2px;border:red dotted thin;" class="error_message" style="border-bottom:dotted blue thin;">
Error occurred at line 4117 in Function <code>handle_error</code>. Error message was: SQLSTATE[HY000]: General error: 1 no such table: wp_ecp_x_category.
</div>
<p>Backtrace:</p>
<pre>#0 /workspaces/UX221Assignment1/.wordpress/wp-content/mu-plugins/sqlite-database-integration/wp-includes/sqlite/class-wp-sqlite-db.php(287): WP_SQLite_Translator->get_error_message()
#1 /workspaces/UX221Assignment1/.wordpress/wp-includes/class-wpdb.php(2610): WP_SQLite_DB->query('INSERT INTO `wp...')
#2 /workspaces/UX221Assignment1/.wordpress/wp-includes/class-wpdb.php(2499): wpdb->_insert_replace_helper('wp_ecp_x_catego...', Array, NULL, 'INSERT')
#3 /workspaces/UX221Assignment1/.wordpress/wp-content/plugins/enhanced-category-pages/classes/ecp/Enhanced_Category.php(61): wpdb->insert('wp_ecp_x_catego...', Array)
#4 /workspaces/UX221Assignment1/.wordpress/wp-content/plugins/enhanced-category-pages/classes/ecp/Enhanced_Category.php(47): ecp\Enhanced_Category->_insert_into_ecp_x_category(10, 38, 'post_tag')
#5 /workspaces/UX221Assignment1/.wordpress/wp-content/plugins/enhanced-category-pages/classes/ecp/WP_Integration.php(248): ecp\Enhanced_Category->add_new_from_category(Object(WP_Term))
#6 /workspaces/UX221Assignment1/.wordpress/wp-includes/class-wp-hook.php(326): ecp\WP_Integration->add_category(10, 10, 'post_tag')
#7 /workspaces/UX221Assignment1/.wordpress/wp-includes/class-wp-hook.php(348): WP_Hook->apply_filters('', Array)
#8 /workspaces/UX221Assignment1/.wordpress/wp-includes/plugin.php(517): WP_Hook->do_action(Array)
#9 /workspaces/UX221Assignment1/.wordpress/wp-includes/taxonomy.php(2660): do_action('create_term', 10, 10, 'post_tag', Array)
#10 /workspaces/UX221Assignment1/.wordpress/wp-includes/rest-api/endpoints/class-wp-rest-terms-controller.php(520): wp_insert_term('tunisiancrochet', 'post_tag', Array)
#11 /workspaces/UX221Assignment1/.wordpress/wp-includes/rest-api/class-wp-rest-server.php(1292): WP_REST_Terms_Controller->create_item(Object(WP_REST_Request))
#12 /workspaces/UX221Assignment1/.wordpress/wp-includes/rest-api/class-wp-rest-server.php(1125): WP_REST_Server->respond_to_request(Object(WP_REST_Request), '/wp/v2/tags', Array, NULL)
#13 /workspaces/UX221Assignment1/.wordpress/wp-includes/rest-api/class-wp-rest-server.php(439): WP_REST_Server->dispatch(Object(WP_REST_Request))
#14 /workspaces/UX221Assignment1/.wordpress/wp-includes/rest-api.php(449): WP_REST_Server->serve_request('/wp/v2/tags')
#15 /workspaces/UX221Assignment1/.wordpress/wp-includes/class-wp-hook.php(324): rest_api_loaded(Object(WP))
#16 /workspaces/UX221Assignment1/.wordpress/wp-includes/class-wp-hook.php(348): WP_Hook->apply_filters('', Array)
#17 /workspaces/UX221Assignment1/.wordpress/wp-includes/plugin.php(565): WP_Hook->do_action(Array)
#18 /workspaces/UX221Assignment1/.wordpress/wp-includes/class-wp.php(418): do_action_ref_array('parse_request', Array)
#19 /workspaces/UX221Assignment1/.wordpress/wp-includes/class-wp.php(813): WP->parse_request('')
#20 /workspaces/UX221Assignment1/.wordpress/wp-includes/functions.php(1336): WP->main('')
#21 /workspaces/UX221Assignment1/.wordpress/wp-blog-header.php(16): wp()
#22 /workspaces/UX221Assignment1/.wordpress/index.php(17): require('/workspaces/UX2...')
#23 {main}</pre>
 for query INSERT INTO `wp_ecp_x_category` (`category_id`, `post_id`, `taxonomy`) VALUES ('10', 38, 'post_tag') made by require('wp-blog-header.php'), wp, WP->main, WP->parse_request, do_action_ref_array('parse_request'), WP_Hook->do_action, WP_Hook->apply_filters, rest_api_loaded, WP_REST_Server->serve_request, WP_REST_Server->dispatch, WP_REST_Server->respond_to_request, WP_REST_Terms_Controller->create_item, wp_insert_term, do_action('create_term'), WP_Hook->do_action, WP_Hook->apply_filters, ecp\WP_Integration->add_category, ecp\Enhanced_Category->add_new_from_category, ecp\Enhanced_Category->_insert_into_ecp_x_category, WP_SQLite_DB->query, WP_SQLite_DB->print_error
